<?xml version="1.0" encoding="UTF-8"?>
<testsuite name="ConvertTest" tests="1" skipped="0" failures="0" errors="0" timestamp="2021-03-10T17:18:49" hostname="MSI" time="0.022">
  <properties/>
  <testcase name="testConvertLength()" classname="ConvertTest" time="0.022"/>
  <system-out><![CDATA[]]></system-out>
  <system-err><![CDATA[]]></system-err>
</testsuite>
